TN:
SF:src\resta.js
FN:1,resta
FNF:1
FNH:1
FNDA:4,resta
DA:1,4
DA:2,4
DA:3,4
DA:4,4
DA:5,1
DA:6,1
DA:7,3
DA:8,3
DA:9,3
DA:10,4
DA:11,6
DA:12,3
DA:13,3
DA:14,3
DA:15,3
DA:16,6
DA:17,3
DA:18,3
DA:19,1
DA:20,1
DA:21,1
LF:21
LH:21
BRDA:1,0,0,4
BRDA:4,1,0,1
BRDA:7,2,0,3
BRDA:10,3,0,6
BRDA:11,4,0,3
BRDA:17,5,0,3
BRF:6
BRH:6
end_of_record
TN:
SF:src\suma.js
FN:1,suma
FNF:1
FNH:1
FNDA:4,suma
DA:1,4
DA:2,4
DA:3,4
DA:4,4
DA:5,1
DA:6,1
DA:7,3
DA:8,3
DA:9,4
DA:10,6
DA:11,6
DA:12,3
DA:13,3
DA:14,1
DA:15,1
DA:16,1
LF:16
LH:16
BRDA:1,0,0,4
BRDA:4,1,0,1
BRDA:7,2,0,3
BRDA:9,3,0,6
BRDA:12,4,0,3
BRF:5
BRH:5
end_of_record
